
*** Running vivado
    with args -log AES.vds -m64 -product Vivado -mode batch -messageDb vivado.pb -notrace -source AES.tcl



****** Vivado v2024.2 (64-bit)
  **** SW Build 5239630 on Fri Nov 08 22:35:27 MST 2024
  **** IP Build 5239520 on Sun Nov 10 16:12:51 MST 2024
  **** SharedData Build 5239561 on Fri Nov 08 14:39:27 MST 2024
  **** Start of session at: Thu Jun 19 13:27:49 2025
    ** Copyright 1986-2022 Xilinx, Inc. All Rights Reserved.
    ** Copyright 2022-2024 Advanced Micro Devices, Inc. All Rights Reserved.

source AES.tcl -notrace
Command: read_checkpoint -auto_incremental -incremental C:/Users/haris/xilinx_vivado_projects/AES-NITT/AES-NITT.srcs/utils_1/imports/synth_1/AES.dcp
INFO: [Vivado 12-5825] Read reference checkpoint from C:/Users/haris/xilinx_vivado_projects/AES-NITT/AES-NITT.srcs/utils_1/imports/synth_1/AES.dcp for incremental synthesis
INFO: [Vivado 12-7989] Please ensure there are no constraint changes
Command: synth_design -top AES -part xc7z020clg484-1
Starting synth_design
Attempting to get a license for feature 'Synthesis' and/or device 'xc7z020'
INFO: [Common 17-349] Got license for feature 'Synthesis' and/or device 'xc7z020'
INFO: [Device 21-403] Loading part xc7z020clg484-1
INFO: [Synth 8-7079] Multithreading enabled for synth_design using a maximum of 2 processes.
INFO: [Synth 8-7078] Launching helper process for spawning children vivado processes
INFO: [Synth 8-7075] Helper process launched with PID 11864
---------------------------------------------------------------------------------
Starting RTL Elaboration : Time (s): cpu = 00:00:05 ; elapsed = 00:00:05 . Memory (MB): peak = 1072.074 ; gain = 465.938
---------------------------------------------------------------------------------
INFO: [Synth 8-6157] synthesizing module 'AES' [C:/Users/haris/xilinx_vivado_projects/AES-NITT/AES-NITT.srcs/sources_1/imports/Downloads/AES.v:1]
INFO: [Synth 8-6157] synthesizing module 'AES_Encrypt' [C:/Users/haris/xilinx_vivado_projects/AES-NITT/AES-NITT.srcs/sources_1/imports/Downloads/AES_Encrypt.v:1]
INFO: [Synth 8-6157] synthesizing module 'encryptRound' [C:/Users/haris/xilinx_vivado_projects/AES-NITT/AES-NITT.srcs/sources_1/imports/Downloads/encryptRound.v:1]
INFO: [Synth 8-6157] synthesizing module 'subBytes' [C:/Users/haris/xilinx_vivado_projects/AES-NITT/AES-NITT.srcs/sources_1/imports/Downloads/subBytes.v:1]
INFO: [Synth 8-6157] synthesizing module 'sbox' [C:/Users/haris/xilinx_vivado_projects/AES-NITT/AES-NITT.srcs/sources_1/imports/Downloads/sbox.v:1]
INFO: [Synth 8-6155] done synthesizing module 'sbox' (0#1) [C:/Users/haris/xilinx_vivado_projects/AES-NITT/AES-NITT.srcs/sources_1/imports/Downloads/sbox.v:1]
INFO: [Synth 8-6155] done synthesizing module 'subBytes' (0#1) [C:/Users/haris/xilinx_vivado_projects/AES-NITT/AES-NITT.srcs/sources_1/imports/Downloads/subBytes.v:1]
INFO: [Synth 8-6157] synthesizing module 'shiftRows' [C:/Users/haris/xilinx_vivado_projects/AES-NITT/AES-NITT.srcs/sources_1/imports/Downloads/shiftRows.v:1]
INFO: [Synth 8-6155] done synthesizing module 'shiftRows' (0#1) [C:/Users/haris/xilinx_vivado_projects/AES-NITT/AES-NITT.srcs/sources_1/imports/Downloads/shiftRows.v:1]
INFO: [Synth 8-6157] synthesizing module 'mixColumns' [C:/Users/haris/xilinx_vivado_projects/AES-NITT/AES-NITT.srcs/sources_1/imports/Downloads/mixColumns.v:1]
INFO: [Synth 8-6155] done synthesizing module 'mixColumns' (0#1) [C:/Users/haris/xilinx_vivado_projects/AES-NITT/AES-NITT.srcs/sources_1/imports/Downloads/mixColumns.v:1]
INFO: [Synth 8-6157] synthesizing module 'addRoundKey' [C:/Users/haris/xilinx_vivado_projects/AES-NITT/AES-NITT.srcs/sources_1/imports/Downloads/addRoundKey.v:1]
INFO: [Synth 8-6155] done synthesizing module 'addRoundKey' (0#1) [C:/Users/haris/xilinx_vivado_projects/AES-NITT/AES-NITT.srcs/sources_1/imports/Downloads/addRoundKey.v:1]
INFO: [Synth 8-6155] done synthesizing module 'encryptRound' (0#1) [C:/Users/haris/xilinx_vivado_projects/AES-NITT/AES-NITT.srcs/sources_1/imports/Downloads/encryptRound.v:1]
INFO: [Synth 8-6157] synthesizing module 'keyExpansion' [C:/Users/haris/xilinx_vivado_projects/AES-NITT/AES-NITT.srcs/sources_1/imports/Downloads/keyExpansion.v:1]
	Parameter nk bound to: 4 - type: integer 
	Parameter nr bound to: 10 - type: integer 
INFO: [Synth 8-6155] done synthesizing module 'keyExpansion' (0#1) [C:/Users/haris/xilinx_vivado_projects/AES-NITT/AES-NITT.srcs/sources_1/imports/Downloads/keyExpansion.v:1]
INFO: [Synth 8-6155] done synthesizing module 'AES_Encrypt' (0#1) [C:/Users/haris/xilinx_vivado_projects/AES-NITT/AES-NITT.srcs/sources_1/imports/Downloads/AES_Encrypt.v:1]
INFO: [Synth 8-6157] synthesizing module 'AES_Encrypt__parameterized0' [C:/Users/haris/xilinx_vivado_projects/AES-NITT/AES-NITT.srcs/sources_1/imports/Downloads/AES_Encrypt.v:1]
	Parameter N bound to: 192 - type: integer 
	Parameter Nr bound to: 12 - type: integer 
	Parameter Nk bound to: 6 - type: integer 
INFO: [Synth 8-6157] synthesizing module 'keyExpansion__parameterized0' [C:/Users/haris/xilinx_vivado_projects/AES-NITT/AES-NITT.srcs/sources_1/imports/Downloads/keyExpansion.v:1]
	Parameter nk bound to: 6 - type: integer 
	Parameter nr bound to: 12 - type: integer 
INFO: [Synth 8-6155] done synthesizing module 'keyExpansion__parameterized0' (0#1) [C:/Users/haris/xilinx_vivado_projects/AES-NITT/AES-NITT.srcs/sources_1/imports/Downloads/keyExpansion.v:1]
INFO: [Synth 8-6155] done synthesizing module 'AES_Encrypt__parameterized0' (0#1) [C:/Users/haris/xilinx_vivado_projects/AES-NITT/AES-NITT.srcs/sources_1/imports/Downloads/AES_Encrypt.v:1]
INFO: [Synth 8-6157] synthesizing module 'AES_Encrypt__parameterized1' [C:/Users/haris/xilinx_vivado_projects/AES-NITT/AES-NITT.srcs/sources_1/imports/Downloads/AES_Encrypt.v:1]
	Parameter N bound to: 256 - type: integer 
	Parameter Nr bound to: 14 - type: integer 
	Parameter Nk bound to: 8 - type: integer 
INFO: [Synth 8-6157] synthesizing module 'keyExpansion__parameterized1' [C:/Users/haris/xilinx_vivado_projects/AES-NITT/AES-NITT.srcs/sources_1/imports/Downloads/keyExpansion.v:1]
	Parameter nk bound to: 8 - type: integer 
	Parameter nr bound to: 14 - type: integer 
INFO: [Synth 8-6155] done synthesizing module 'keyExpansion__parameterized1' (0#1) [C:/Users/haris/xilinx_vivado_projects/AES-NITT/AES-NITT.srcs/sources_1/imports/Downloads/keyExpansion.v:1]
INFO: [Synth 8-6155] done synthesizing module 'AES_Encrypt__parameterized1' (0#1) [C:/Users/haris/xilinx_vivado_projects/AES-NITT/AES-NITT.srcs/sources_1/imports/Downloads/AES_Encrypt.v:1]
INFO: [Synth 8-6157] synthesizing module 'AES_Decrypt' [C:/Users/haris/xilinx_vivado_projects/AES-NITT/AES-NITT.srcs/sources_1/imports/Downloads/AES_Decrypt.v:1]
INFO: [Synth 8-6157] synthesizing module 'decryptRound' [C:/Users/haris/xilinx_vivado_projects/AES-NITT/AES-NITT.srcs/sources_1/imports/Downloads/decryptRound.v:1]
INFO: [Synth 8-6157] synthesizing module 'inverseShiftRows' [C:/Users/haris/xilinx_vivado_projects/AES-NITT/AES-NITT.srcs/sources_1/imports/Downloads/inverseShiftRows.v:1]
INFO: [Synth 8-6155] done synthesizing module 'inverseShiftRows' (0#1) [C:/Users/haris/xilinx_vivado_projects/AES-NITT/AES-NITT.srcs/sources_1/imports/Downloads/inverseShiftRows.v:1]
INFO: [Synth 8-6157] synthesizing module 'inverseSubBytes' [C:/Users/haris/xilinx_vivado_projects/AES-NITT/AES-NITT.srcs/sources_1/imports/Downloads/inverseSubBytes.v:1]
INFO: [Synth 8-6157] synthesizing module 'inverseSbox' [C:/Users/haris/xilinx_vivado_projects/AES-NITT/AES-NITT.srcs/sources_1/imports/Downloads/inverseSbox.v:1]
INFO: [Synth 8-6155] done synthesizing module 'inverseSbox' (0#1) [C:/Users/haris/xilinx_vivado_projects/AES-NITT/AES-NITT.srcs/sources_1/imports/Downloads/inverseSbox.v:1]
INFO: [Synth 8-6155] done synthesizing module 'inverseSubBytes' (0#1) [C:/Users/haris/xilinx_vivado_projects/AES-NITT/AES-NITT.srcs/sources_1/imports/Downloads/inverseSubBytes.v:1]
INFO: [Synth 8-6157] synthesizing module 'inverseMixColumns' [C:/Users/haris/xilinx_vivado_projects/AES-NITT/AES-NITT.srcs/sources_1/imports/Downloads/inverseMixColumns.v:1]
WARNING: [Synth 8-6104] Input port 'm_col[0].x' has an internal driver [C:/Users/haris/xilinx_vivado_projects/AES-NITT/AES-NITT.srcs/sources_1/imports/Downloads/inverseMixColumns.v:16]
WARNING: [Synth 8-6104] Input port 'm_col[0].x' has an internal driver [C:/Users/haris/xilinx_vivado_projects/AES-NITT/AES-NITT.srcs/sources_1/imports/Downloads/inverseMixColumns.v:17]
WARNING: [Synth 8-6104] Input port 'm_col[0].x' has an internal driver [C:/Users/haris/xilinx_vivado_projects/AES-NITT/AES-NITT.srcs/sources_1/imports/Downloads/inverseMixColumns.v:16]
WARNING: [Synth 8-6104] Input port 'm_col[0].x' has an internal driver [C:/Users/haris/xilinx_vivado_projects/AES-NITT/AES-NITT.srcs/sources_1/imports/Downloads/inverseMixColumns.v:17]
WARNING: [Synth 8-6104] Input port 'm_col[0].x' has an internal driver [C:/Users/haris/xilinx_vivado_projects/AES-NITT/AES-NITT.srcs/sources_1/imports/Downloads/inverseMixColumns.v:16]
WARNING: [Synth 8-6104] Input port 'm_col[0].x' has an internal driver [C:/Users/haris/xilinx_vivado_projects/AES-NITT/AES-NITT.srcs/sources_1/imports/Downloads/inverseMixColumns.v:17]
WARNING: [Synth 8-6104] Input port 'm_col[0].x' has an internal driver [C:/Users/haris/xilinx_vivado_projects/AES-NITT/AES-NITT.srcs/sources_1/imports/Downloads/inverseMixColumns.v:16]
WARNING: [Synth 8-6104] Input port 'm_col[0].x' has an internal driver [C:/Users/haris/xilinx_vivado_projects/AES-NITT/AES-NITT.srcs/sources_1/imports/Downloads/inverseMixColumns.v:17]
WARNING: [Synth 8-6104] Input port 'm_col[0].x' has an internal driver [C:/Users/haris/xilinx_vivado_projects/AES-NITT/AES-NITT.srcs/sources_1/imports/Downloads/inverseMixColumns.v:16]
WARNING: [Synth 8-6104] Input port 'm_col[0].x' has an internal driver [C:/Users/haris/xilinx_vivado_projects/AES-NITT/AES-NITT.srcs/sources_1/imports/Downloads/inverseMixColumns.v:17]
WARNING: [Synth 8-6104] Input port 'm_col[0].x' has an internal driver [C:/Users/haris/xilinx_vivado_projects/AES-NITT/AES-NITT.srcs/sources_1/imports/Downloads/inverseMixColumns.v:16]
WARNING: [Synth 8-6104] Input port 'm_col[0].x' has an internal driver [C:/Users/haris/xilinx_vivado_projects/AES-NITT/AES-NITT.srcs/sources_1/imports/Downloads/inverseMixColumns.v:17]
WARNING: [Synth 8-6104] Input port 'm_col[1].x' has an internal driver [C:/Users/haris/xilinx_vivado_projects/AES-NITT/AES-NITT.srcs/sources_1/imports/Downloads/inverseMixColumns.v:16]
WARNING: [Synth 8-6104] Input port 'm_col[1].x' has an internal driver [C:/Users/haris/xilinx_vivado_projects/AES-NITT/AES-NITT.srcs/sources_1/imports/Downloads/inverseMixColumns.v:17]
WARNING: [Synth 8-6104] Input port 'm_col[1].x' has an internal driver [C:/Users/haris/xilinx_vivado_projects/AES-NITT/AES-NITT.srcs/sources_1/imports/Downloads/inverseMixColumns.v:16]
WARNING: [Synth 8-6104] Input port 'm_col[1].x' has an internal driver [C:/Users/haris/xilinx_vivado_projects/AES-NITT/AES-NITT.srcs/sources_1/imports/Downloads/inverseMixColumns.v:17]
WARNING: [Synth 8-6104] Input port 'm_col[1].x' has an internal driver [C:/Users/haris/xilinx_vivado_projects/AES-NITT/AES-NITT.srcs/sources_1/imports/Downloads/inverseMixColumns.v:16]
WARNING: [Synth 8-6104] Input port 'm_col[1].x' has an internal driver [C:/Users/haris/xilinx_vivado_projects/AES-NITT/AES-NITT.srcs/sources_1/imports/Downloads/inverseMixColumns.v:17]
WARNING: [Synth 8-6104] Input port 'm_col[1].x' has an internal driver [C:/Users/haris/xilinx_vivado_projects/AES-NITT/AES-NITT.srcs/sources_1/imports/Downloads/inverseMixColumns.v:16]
WARNING: [Synth 8-6104] Input port 'm_col[1].x' has an internal driver [C:/Users/haris/xilinx_vivado_projects/AES-NITT/AES-NITT.srcs/sources_1/imports/Downloads/inverseMixColumns.v:17]
WARNING: [Synth 8-6104] Input port 'm_col[1].x' has an internal driver [C:/Users/haris/xilinx_vivado_projects/AES-NITT/AES-NITT.srcs/sources_1/imports/Downloads/inverseMixColumns.v:16]
WARNING: [Synth 8-6104] Input port 'm_col[1].x' has an internal driver [C:/Users/haris/xilinx_vivado_projects/AES-NITT/AES-NITT.srcs/sources_1/imports/Downloads/inverseMixColumns.v:17]
WARNING: [Synth 8-6104] Input port 'm_col[1].x' has an internal driver [C:/Users/haris/xilinx_vivado_projects/AES-NITT/AES-NITT.srcs/sources_1/imports/Downloads/inverseMixColumns.v:16]
WARNING: [Synth 8-6104] Input port 'm_col[1].x' has an internal driver [C:/Users/haris/xilinx_vivado_projects/AES-NITT/AES-NITT.srcs/sources_1/imports/Downloads/inverseMixColumns.v:17]
WARNING: [Synth 8-6104] Input port 'm_col[2].x' has an internal driver [C:/Users/haris/xilinx_vivado_projects/AES-NITT/AES-NITT.srcs/sources_1/imports/Downloads/inverseMixColumns.v:16]
WARNING: [Synth 8-6104] Input port 'm_col[2].x' has an internal driver [C:/Users/haris/xilinx_vivado_projects/AES-NITT/AES-NITT.srcs/sources_1/imports/Downloads/inverseMixColumns.v:17]
WARNING: [Synth 8-6104] Input port 'm_col[2].x' has an internal driver [C:/Users/haris/xilinx_vivado_projects/AES-NITT/AES-NITT.srcs/sources_1/imports/Downloads/inverseMixColumns.v:16]
WARNING: [Synth 8-6104] Input port 'm_col[2].x' has an internal driver [C:/Users/haris/xilinx_vivado_projects/AES-NITT/AES-NITT.srcs/sources_1/imports/Downloads/inverseMixColumns.v:17]
WARNING: [Synth 8-6104] Input port 'm_col[2].x' has an internal driver [C:/Users/haris/xilinx_vivado_projects/AES-NITT/AES-NITT.srcs/sources_1/imports/Downloads/inverseMixColumns.v:16]
WARNING: [Synth 8-6104] Input port 'm_col[2].x' has an internal driver [C:/Users/haris/xilinx_vivado_projects/AES-NITT/AES-NITT.srcs/sources_1/imports/Downloads/inverseMixColumns.v:17]
WARNING: [Synth 8-6104] Input port 'm_col[2].x' has an internal driver [C:/Users/haris/xilinx_vivado_projects/AES-NITT/AES-NITT.srcs/sources_1/imports/Downloads/inverseMixColumns.v:16]
WARNING: [Synth 8-6104] Input port 'm_col[2].x' has an internal driver [C:/Users/haris/xilinx_vivado_projects/AES-NITT/AES-NITT.srcs/sources_1/imports/Downloads/inverseMixColumns.v:17]
WARNING: [Synth 8-6104] Input port 'm_col[2].x' has an internal driver [C:/Users/haris/xilinx_vivado_projects/AES-NITT/AES-NITT.srcs/sources_1/imports/Downloads/inverseMixColumns.v:16]
WARNING: [Synth 8-6104] Input port 'm_col[2].x' has an internal driver [C:/Users/haris/xilinx_vivado_projects/AES-NITT/AES-NITT.srcs/sources_1/imports/Downloads/inverseMixColumns.v:17]
WARNING: [Synth 8-6104] Input port 'm_col[2].x' has an internal driver [C:/Users/haris/xilinx_vivado_projects/AES-NITT/AES-NITT.srcs/sources_1/imports/Downloads/inverseMixColumns.v:16]
WARNING: [Synth 8-6104] Input port 'm_col[2].x' has an internal driver [C:/Users/haris/xilinx_vivado_projects/AES-NITT/AES-NITT.srcs/sources_1/imports/Downloads/inverseMixColumns.v:17]
WARNING: [Synth 8-6104] Input port 'm_col[3].x' has an internal driver [C:/Users/haris/xilinx_vivado_projects/AES-NITT/AES-NITT.srcs/sources_1/imports/Downloads/inverseMixColumns.v:16]
WARNING: [Synth 8-6104] Input port 'm_col[3].x' has an internal driver [C:/Users/haris/xilinx_vivado_projects/AES-NITT/AES-NITT.srcs/sources_1/imports/Downloads/inverseMixColumns.v:17]
WARNING: [Synth 8-6104] Input port 'm_col[3].x' has an internal driver [C:/Users/haris/xilinx_vivado_projects/AES-NITT/AES-NITT.srcs/sources_1/imports/Downloads/inverseMixColumns.v:16]
WARNING: [Synth 8-6104] Input port 'm_col[3].x' has an internal driver [C:/Users/haris/xilinx_vivado_projects/AES-NITT/AES-NITT.srcs/sources_1/imports/Downloads/inverseMixColumns.v:17]
WARNING: [Synth 8-6104] Input port 'm_col[3].x' has an internal driver [C:/Users/haris/xilinx_vivado_projects/AES-NITT/AES-NITT.srcs/sources_1/imports/Downloads/inverseMixColumns.v:16]
WARNING: [Synth 8-6104] Input port 'm_col[3].x' has an internal driver [C:/Users/haris/xilinx_vivado_projects/AES-NITT/AES-NITT.srcs/sources_1/imports/Downloads/inverseMixColumns.v:17]
WARNING: [Synth 8-6104] Input port 'm_col[3].x' has an internal driver [C:/Users/haris/xilinx_vivado_projects/AES-NITT/AES-NITT.srcs/sources_1/imports/Downloads/inverseMixColumns.v:16]
WARNING: [Synth 8-6104] Input port 'm_col[3].x' has an internal driver [C:/Users/haris/xilinx_vivado_projects/AES-NITT/AES-NITT.srcs/sources_1/imports/Downloads/inverseMixColumns.v:17]
WARNING: [Synth 8-6104] Input port 'm_col[3].x' has an internal driver [C:/Users/haris/xilinx_vivado_projects/AES-NITT/AES-NITT.srcs/sources_1/imports/Downloads/inverseMixColumns.v:16]
WARNING: [Synth 8-6104] Input port 'm_col[3].x' has an internal driver [C:/Users/haris/xilinx_vivado_projects/AES-NITT/AES-NITT.srcs/sources_1/imports/Downloads/inverseMixColumns.v:17]
WARNING: [Synth 8-6104] Input port 'm_col[3].x' has an internal driver [C:/Users/haris/xilinx_vivado_projects/AES-NITT/AES-NITT.srcs/sources_1/imports/Downloads/inverseMixColumns.v:16]
WARNING: [Synth 8-6104] Input port 'm_col[3].x' has an internal driver [C:/Users/haris/xilinx_vivado_projects/AES-NITT/AES-NITT.srcs/sources_1/imports/Downloads/inverseMixColumns.v:17]
INFO: [Synth 8-6155] done synthesizing module 'inverseMixColumns' (0#1) [C:/Users/haris/xilinx_vivado_projects/AES-NITT/AES-NITT.srcs/sources_1/imports/Downloads/inverseMixColumns.v:1]
INFO: [Synth 8-6155] done synthesizing module 'decryptRound' (0#1) [C:/Users/haris/xilinx_vivado_projects/AES-NITT/AES-NITT.srcs/sources_1/imports/Downloads/decryptRound.v:1]
INFO: [Synth 8-6155] done synthesizing module 'AES_Decrypt' (0#1) [C:/Users/haris/xilinx_vivado_projects/AES-NITT/AES-NITT.srcs/sources_1/imports/Downloads/AES_Decrypt.v:1]
INFO: [Synth 8-6157] synthesizing module 'AES_Decrypt__parameterized0' [C:/Users/haris/xilinx_vivado_projects/AES-NITT/AES-NITT.srcs/sources_1/imports/Downloads/AES_Decrypt.v:1]
	Parameter N bound to: 192 - type: integer 
	Parameter Nr bound to: 12 - type: integer 
	Parameter Nk bound to: 6 - type: integer 
INFO: [Synth 8-6155] done synthesizing module 'AES_Decrypt__parameterized0' (0#1) [C:/Users/haris/xilinx_vivado_projects/AES-NITT/AES-NITT.srcs/sources_1/imports/Downloads/AES_Decrypt.v:1]
INFO: [Synth 8-6157] synthesizing module 'AES_Decrypt__parameterized1' [C:/Users/haris/xilinx_vivado_projects/AES-NITT/AES-NITT.srcs/sources_1/imports/Downloads/AES_Decrypt.v:1]
	Parameter N bound to: 256 - type: integer 
	Parameter Nr bound to: 14 - type: integer 
	Parameter Nk bound to: 8 - type: integer 
INFO: [Synth 8-6155] done synthesizing module 'AES_Decrypt__parameterized1' (0#1) [C:/Users/haris/xilinx_vivado_projects/AES-NITT/AES-NITT.srcs/sources_1/imports/Downloads/AES_Decrypt.v:1]
INFO: [Synth 8-6155] done synthesizing module 'AES' (0#1) [C:/Users/haris/xilinx_vivado_projects/AES-NITT/AES-NITT.srcs/sources_1/imports/Downloads/AES.v:1]
---------------------------------------------------------------------------------
Finished RTL Elaboration : Time (s): cpu = 00:00:08 ; elapsed = 00:00:10 . Memory (MB): peak = 1347.992 ; gain = 741.855
---------------------------------------------------------------------------------
---------------------------------------------------------------------------------
Start Handling Custom Attributes
---------------------------------------------------------------------------------
---------------------------------------------------------------------------------
Finished Handling Custom Attributes : Time (s): cpu = 00:00:09 ; elapsed = 00:00:10 . Memory (MB): peak = 1347.992 ; gain = 741.855
---------------------------------------------------------------------------------
---------------------------------------------------------------------------------
Finished RTL Optimization Phase 1 : Time (s): cpu = 00:00:09 ; elapsed = 00:00:10 . Memory (MB): peak = 1347.992 ; gain = 741.855
---------------------------------------------------------------------------------
Netlist sorting complete. Time (s): cpu = 00:00:01 ; elapsed = 00:00:01 . Memory (MB): peak = 1347.992 ; gain = 0.000
INFO: [Project 1-570] Preparing netlist for logic optimization

Processing XDC Constraints
Initializing timing engine
Parsing XDC File [C:/Users/haris/xilinx_vivado_projects/AES-NITT/AES-NITT.srcs/constrs_1/new/aes_constraints.xdc]
Finished Parsing XDC File [C:/Users/haris/xilinx_vivado_projects/AES-NITT/AES-NITT.srcs/constrs_1/new/aes_constraints.xdc]
INFO: [Project 1-236] Implementation specific constraints were found while reading constraint file [C:/Users/haris/xilinx_vivado_projects/AES-NITT/AES-NITT.srcs/constrs_1/new/aes_constraints.xdc]. These constraints will be ignored for synthesis but will be used in implementation. Impacted constraints are listed in the file [.Xil/AES_propImpl.xdc].
Resolution: To avoid this warning, move constraints listed in [.Xil/AES_propImpl.xdc] to another XDC file and exclude this new file from synthesis with the used_in_synthesis property (File Properties dialog in GUI) and re-run elaboration/synthesis.
Completed Processing XDC Constraints

Netlist sorting complete. Time (s): cpu = 00:00:00 ; elapsed = 00:00:00.006 . Memory (MB): peak = 1694.785 ; gain = 0.000
INFO: [Project 1-111] Unisim Transformation Summary:
No Unisim elements were transformed.

---------------------------------------------------------------------------------
Finished Constraint Validation : Time (s): cpu = 00:00:27 ; elapsed = 00:00:28 . Memory (MB): peak = 1694.785 ; gain = 1088.648
---------------------------------------------------------------------------------
---------------------------------------------------------------------------------
Start Loading Part and Timing Information
---------------------------------------------------------------------------------
Loading part: xc7z020clg484-1
---------------------------------------------------------------------------------
Finished Loading Part and Timing Information : Time (s): cpu = 00:00:27 ; elapsed = 00:00:28 . Memory (MB): peak = 1694.785 ; gain = 1088.648
---------------------------------------------------------------------------------
---------------------------------------------------------------------------------
Start Applying 'set_property' XDC Constraints
---------------------------------------------------------------------------------
---------------------------------------------------------------------------------
Finished applying 'set_property' XDC Constraints : Time (s): cpu = 00:00:28 ; elapsed = 00:00:29 . Memory (MB): peak = 1694.785 ; gain = 1088.648
---------------------------------------------------------------------------------
---------------------------------------------------------------------------------
Start Preparing Guide Design
---------------------------------------------------------------------------------
WARNING: [Synth 8-6702] IncrSynth : Design change found in an area of the design that prevents previous synthesis information being used, Reverting to default synthesis
---------------------------------------------------------------------------------
Finished Doing Graph Differ : Time (s): cpu = 00:00:34 ; elapsed = 00:00:37 . Memory (MB): peak = 1814.656 ; gain = 1208.520
---------------------------------------------------------------------------------
---------------------------------------------------------------------------------
Finished Preparing Guide Design : Time (s): cpu = 00:00:34 ; elapsed = 00:00:37 . Memory (MB): peak = 1814.656 ; gain = 1208.520
---------------------------------------------------------------------------------
---------------------------------------------------------------------------------
Finished RTL Optimization Phase 2 : Time (s): cpu = 00:00:39 ; elapsed = 00:00:43 . Memory (MB): peak = 1814.656 ; gain = 1208.520
---------------------------------------------------------------------------------


Incremental Synthesis Report Summary:

1. Incremental synthesis run: no

   Reason for not running incremental synthesis : Design change found in an area of the design that prevents previous synthesis information being used


INFO: [Synth 8-7130] Flow is switching to default flow due to incremental criteria not met. If you would like to alter this behaviour and have the flow terminate instead, please set the following parameter config_implementation {autoIncr.Synth.RejectBehavior Terminate}
---------------------------------------------------------------------------------
Start RTL Component Statistics 
---------------------------------------------------------------------------------
Detailed RTL Component Info : 
+---XORs : 
	   2 Input    128 Bit         XORs := 78    
	   3 Input     32 Bit         XORs := 50    
	   2 Input     32 Bit         XORs := 226   
	   2 Input      8 Bit         XORs := 2937  
	   4 Input      8 Bit         XORs := 132   
	   3 Input      8 Bit         XORs := 363   
	   9 Input      8 Bit         XORs := 132   
	   6 Input      8 Bit         XORs := 165   
	   8 Input      8 Bit         XORs := 165   
	   7 Input      8 Bit         XORs := 33    
	   5 Input      8 Bit         XORs := 231   
+---Registers : 
	                1 Bit    Registers := 6     
+---Muxes : 
	   2 Input    8 Bit        Muxes := 2112  
---------------------------------------------------------------------------------
Finished RTL Component Statistics 
---------------------------------------------------------------------------------
---------------------------------------------------------------------------------
Start Part Resource Summary
---------------------------------------------------------------------------------
Part Resources:
DSPs: 220 (col length:60)
BRAMs: 280 (col length: RAMB18 60 RAMB36 30)
---------------------------------------------------------------------------------
Finished Part Resource Summary
---------------------------------------------------------------------------------
---------------------------------------------------------------------------------
Start Cross Boundary and Area Optimization
---------------------------------------------------------------------------------
---------------------------------------------------------------------------------
Finished Cross Boundary and Area Optimization : Time (s): cpu = 00:05:40 ; elapsed = 00:08:09 . Memory (MB): peak = 1947.496 ; gain = 1341.359
---------------------------------------------------------------------------------
---------------------------------------------------------------------------------
Start ROM, RAM, DSP, Shift Register and Retiming Reporting
---------------------------------------------------------------------------------

ROM: Preliminary Mapping Report
+-------------+------------+---------------+----------------+
|Module Name  | RTL Object | Depth x Width | Implemented As | 
+-------------+------------+---------------+----------------+
|sbox         | c          | 256x8         | LUT            | 
|keyExpansion | c          | 256x8         | LUT            | 
|keyExpansion | c          | 256x8         | LUT            | 
|keyExpansion | c          | 256x8         | LUT            | 
|keyExpansion | c          | 256x8         | LUT            | 
|keyExpansion | c          | 256x8         | LUT            | 
|keyExpansion | c          | 256x8         | LUT            | 
|keyExpansion | c          | 256x8         | LUT            | 
|keyExpansion | c          | 256x8         | LUT            | 
|keyExpansion | c          | 256x8         | LUT            | 
|keyExpansion | c          | 256x8         | LUT            | 
|keyExpansion | c          | 256x8         | LUT            | 
|keyExpansion | c          | 256x8         | LUT            | 
|keyExpansion | c          | 256x8         | LUT            | 
|keyExpansion | c          | 256x8         | LUT            | 
|keyExpansion | c          | 256x8         | LUT            | 
|keyExpansion | c          | 256x8         | LUT            | 
|keyExpansion | c          | 256x8         | LUT            | 
|keyExpansion | c          | 256x8         | LUT            | 
|keyExpansion | c          | 256x8         | LUT            | 
|keyExpansion | c          | 256x8         | LUT            | 
|keyExpansion | c          | 256x8         | LUT            | 
|keyExpansion | c          | 256x8         | LUT            | 
|keyExpansion | c          | 256x8         | LUT            | 
|keyExpansion | c          | 256x8         | LUT            | 
|keyExpansion | c          | 256x8         | LUT            | 
|keyExpansion | c          | 256x8         | LUT            | 
|keyExpansion | c          | 256x8         | LUT            | 
|keyExpansion | c          | 256x8         | LUT            | 
|keyExpansion | c          | 256x8         | LUT            | 
|keyExpansion | c          | 256x8         | LUT            | 
|keyExpansion | c          | 256x8         | LUT            | 
|keyExpansion | c          | 256x8         | LUT            | 
|keyExpansion | c          | 256x8         | LUT            | 
|keyExpansion | c          | 256x8         | LUT            | 
|keyExpansion | c          | 256x8         | LUT            | 
|keyExpansion | c          | 256x8         | LUT            | 
|keyExpansion | c          | 256x8         | LUT            | 
|keyExpansion | c          | 256x8         | LUT            | 
|keyExpansion | c          | 256x8         | LUT            | 
|keyExpansion | c          | 256x8         | LUT            | 
|keyExpansion | c0         | 256x8         | LUT            | 
|keyExpansion | c0         | 256x8         | LUT            | 
|keyExpansion | c0         | 256x8         | LUT            | 
|keyExpansion | c0         | 256x8         | LUT            | 
|keyExpansion | c0         | 256x8         | LUT            | 
|keyExpansion | c0         | 256x8         | LUT            | 
|keyExpansion | c0         | 256x8         | LUT            | 
|keyExpansion | c0         | 256x8         | LUT            | 
|keyExpansion | c0         | 256x8         | LUT            | 
|keyExpansion | c0         | 256x8         | LUT            | 
|keyExpansion | c0         | 256x8         | LUT            | 
|keyExpansion | c0         | 256x8         | LUT            | 
|keyExpansion | c0         | 256x8         | LUT            | 
|keyExpansion | c0         | 256x8         | LUT            | 
|keyExpansion | c0         | 256x8         | LUT            | 
|keyExpansion | c0         | 256x8         | LUT            | 
|keyExpansion | c0         | 256x8         | LUT            | 
|keyExpansion | c0         | 256x8         | LUT            | 
|keyExpansion | c0         | 256x8         | LUT            | 
|keyExpansion | c0         | 256x8         | LUT            | 
|keyExpansion | c0         | 256x8         | LUT            | 
|keyExpansion | c0         | 256x8         | LUT            | 
|keyExpansion | c0         | 256x8         | LUT            | 
|keyExpansion | c0         | 256x8         | LUT            | 
|keyExpansion | c0         | 256x8         | LUT            | 
|keyExpansion | c0         | 256x8         | LUT            | 
|keyExpansion | c0         | 256x8         | LUT            | 
|keyExpansion | c0         | 256x8         | LUT            | 
|keyExpansion | c0         | 256x8         | LUT            | 
|keyExpansion | c0         | 256x8         | LUT            | 
|keyExpansion | c0         | 256x8         | LUT            | 
|keyExpansion | c0         | 256x8         | LUT            | 
|keyExpansion | c1         | 256x8         | LUT            | 
|keyExpansion | c1         | 256x8         | LUT            | 
|keyExpansion | c1         | 256x8         | LUT            | 
|keyExpansion | c1         | 256x8         | LUT            | 
|keyExpansion | c1         | 256x8         | LUT            | 
|keyExpansion | c1         | 256x8         | LUT            | 
|keyExpansion | c1         | 256x8         | LUT            | 
|keyExpansion | c1         | 256x8         | LUT            | 
|keyExpansion | c1         | 256x8         | LUT            | 
|keyExpansion | c1         | 256x8         | LUT            | 
|keyExpansion | c1         | 256x8         | LUT            | 
|keyExpansion | c1         | 256x8         | LUT            | 
|keyExpansion | c1         | 256x8         | LUT            | 
|keyExpansion | c1         | 256x8         | LUT            | 
|keyExpansion | c1         | 256x8         | LUT            | 
|keyExpansion | c1         | 256x8         | LUT            | 
|keyExpansion | c1         | 256x8         | LUT            | 
|keyExpansion | c1         | 256x8         | LUT            | 
|keyExpansion | c1         | 256x8         | LUT            | 
|keyExpansion | c1         | 256x8         | LUT            | 
|keyExpansion | c1         | 256x8         | LUT            | 
|keyExpansion | c1         | 256x8         | LUT            | 
|keyExpansion | c1         | 256x8         | LUT            | 
|keyExpansion | c1         | 256x8         | LUT            | 
|keyExpansion | c1         | 256x8         | LUT            | 
|keyExpansion | c1         | 256x8         | LUT            | 
|keyExpansion | c1         | 256x8         | LUT            | 
|keyExpansion | c1         | 256x8         | LUT            | 
|keyExpansion | c1         | 256x8         | LUT            | 
|keyExpansion | c1         | 256x8         | LUT            | 
|keyExpansion | c1         | 256x8         | LUT            | 
|keyExpansion | c1         | 256x8         | LUT            | 
|keyExpansion | c1         | 256x8         | LUT            | 
|keyExpansion | c1         | 256x8         | LUT            | 
|keyExpansion | c1         | 256x8         | LUT            | 
|keyExpansion | c1         | 256x8         | LUT            | 
|keyExpansion | c1         | 256x8         | LUT            | 
|keyExpansion | c1         | 256x8         | LUT            | 
|keyExpansion | c1         | 256x8         | LUT            | 
|keyExpansion | c1         | 256x8         | LUT            | 
|keyExpansion | c1         | 256x8         | LUT            | 
|keyExpansion | c1         | 256x8         | LUT            | 
|keyExpansion | c1         | 256x8         | LUT            | 
|keyExpansion | c1         | 256x8         | LUT            | 
|keyExpansion | c1         | 256x8         | LUT            | 
|keyExpansion | c1         | 256x8         | LUT            | 
|keyExpansion | c1         | 256x8         | LUT            | 
|keyExpansion | c1         | 256x8         | LUT            | 
|keyExpansion | c1         | 256x8         | LUT            | 
|keyExpansion | c1         | 256x8         | LUT            | 
|keyExpansion | c1         | 256x8         | LUT            | 
|keyExpansion | c1         | 256x8         | LUT            | 
|inverseSbox  | sbout      | 256x8         | LUT            | 
+-------------+------------+---------------+----------------+

---------------------------------------------------------------------------------
Finished ROM, RAM, DSP, Shift Register and Retiming Reporting
---------------------------------------------------------------------------------
---------------------------------------------------------------------------------
Start Applying XDC Timing Constraints
---------------------------------------------------------------------------------
---------------------------------------------------------------------------------
Finished Applying XDC Timing Constraints : Time (s): cpu = 00:05:46 ; elapsed = 00:08:16 . Memory (MB): peak = 1998.605 ; gain = 1392.469
---------------------------------------------------------------------------------
---------------------------------------------------------------------------------
Start Timing Optimization
---------------------------------------------------------------------------------
---------------------------------------------------------------------------------
Finished Timing Optimization : Time (s): cpu = 00:05:47 ; elapsed = 00:08:18 . Memory (MB): peak = 2010.789 ; gain = 1404.652
---------------------------------------------------------------------------------
---------------------------------------------------------------------------------
Start Technology Mapping
---------------------------------------------------------------------------------
---------------------------------------------------------------------------------
Finished Technology Mapping : Time (s): cpu = 00:05:51 ; elapsed = 00:08:30 . Memory (MB): peak = 2021.074 ; gain = 1414.938
---------------------------------------------------------------------------------
---------------------------------------------------------------------------------
Start IO Insertion
---------------------------------------------------------------------------------
---------------------------------------------------------------------------------
Start Flattening Before IO Insertion
---------------------------------------------------------------------------------
---------------------------------------------------------------------------------
Finished Flattening Before IO Insertion
---------------------------------------------------------------------------------
---------------------------------------------------------------------------------
Start Final Netlist Cleanup
---------------------------------------------------------------------------------
---------------------------------------------------------------------------------
Finished Final Netlist Cleanup
---------------------------------------------------------------------------------
---------------------------------------------------------------------------------
Finished IO Insertion : Time (s): cpu = 00:05:55 ; elapsed = 00:08:34 . Memory (MB): peak = 2113.875 ; gain = 1507.738
---------------------------------------------------------------------------------
---------------------------------------------------------------------------------
Start Renaming Generated Instances
---------------------------------------------------------------------------------
---------------------------------------------------------------------------------
Finished Renaming Generated Instances : Time (s): cpu = 00:05:55 ; elapsed = 00:08:34 . Memory (MB): peak = 2113.875 ; gain = 1507.738
---------------------------------------------------------------------------------
---------------------------------------------------------------------------------
Start Rebuilding User Hierarchy
---------------------------------------------------------------------------------
---------------------------------------------------------------------------------
Finished Rebuilding User Hierarchy : Time (s): cpu = 00:05:55 ; elapsed = 00:08:34 . Memory (MB): peak = 2113.875 ; gain = 1507.738
---------------------------------------------------------------------------------
---------------------------------------------------------------------------------
Start Renaming Generated Ports
---------------------------------------------------------------------------------
---------------------------------------------------------------------------------
Finished Renaming Generated Ports : Time (s): cpu = 00:05:55 ; elapsed = 00:08:34 . Memory (MB): peak = 2113.875 ; gain = 1507.738
---------------------------------------------------------------------------------
---------------------------------------------------------------------------------
Start Handling Custom Attributes
---------------------------------------------------------------------------------
---------------------------------------------------------------------------------
Finished Handling Custom Attributes : Time (s): cpu = 00:05:55 ; elapsed = 00:08:34 . Memory (MB): peak = 2113.875 ; gain = 1507.738
---------------------------------------------------------------------------------
---------------------------------------------------------------------------------
Start Renaming Generated Nets
---------------------------------------------------------------------------------
---------------------------------------------------------------------------------
Finished Renaming Generated Nets : Time (s): cpu = 00:05:55 ; elapsed = 00:08:34 . Memory (MB): peak = 2113.875 ; gain = 1507.738
---------------------------------------------------------------------------------
---------------------------------------------------------------------------------
Start Writing Synthesis Report
---------------------------------------------------------------------------------

Report BlackBoxes: 
+-+--------------+----------+
| |BlackBox name |Instances |
+-+--------------+----------+
+-+--------------+----------+

Report Cell Usage: 
+------+-------+------+
|      |Cell   |Count |
+------+-------+------+
|1     |BUFG   |     1|
|2     |CARRY4 |    33|
|3     |LUT1   |     1|
|4     |FDRE   |     4|
|5     |IBUF   |     2|
|6     |OBUF   |     6|
+------+-------+------+
---------------------------------------------------------------------------------
Finished Writing Synthesis Report : Time (s): cpu = 00:05:55 ; elapsed = 00:08:34 . Memory (MB): peak = 2113.875 ; gain = 1507.738
---------------------------------------------------------------------------------
Synthesis finished with 0 errors, 0 critical warnings and 1 warnings.
Synthesis Optimization Runtime : Time (s): cpu = 00:05:34 ; elapsed = 00:08:26 . Memory (MB): peak = 2113.875 ; gain = 1160.945
Synthesis Optimization Complete : Time (s): cpu = 00:05:55 ; elapsed = 00:08:37 . Memory (MB): peak = 2113.875 ; gain = 1507.738
INFO: [Project 1-571] Translating synthesized netlist
Netlist sorting complete. Time (s): cpu = 00:00:00 ; elapsed = 00:00:00.003 . Memory (MB): peak = 2122.918 ; gain = 0.000
INFO: [Netlist 29-17] Analyzing 33 Unisim elements for replacement
INFO: [Netlist 29-28] Unisim Transformation completed in 0 CPU seconds
INFO: [Project 1-570] Preparing netlist for logic optimization
INFO: [Opt 31-138] Pushed 0 inverter(s) to 0 load pin(s).
Netlist sorting complete. Time (s): cpu = 00:00:00 ; elapsed = 00:00:00 . Memory (MB): peak = 2126.574 ; gain = 0.000
INFO: [Project 1-111] Unisim Transformation Summary:
No Unisim elements were transformed.

Synth Design complete | Checksum: 31f4f731
INFO: [Common 17-83] Releasing license: Synthesis
60 Infos, 49 Warnings, 0 Critical Warnings and 0 Errors encountered.
synth_design completed successfully
synth_design: Time (s): cpu = 00:05:59 ; elapsed = 00:08:49 . Memory (MB): peak = 2126.574 ; gain = 1755.188
Write ShapeDB Complete: Time (s): cpu = 00:00:00 ; elapsed = 00:00:00.006 . Memory (MB): peak = 2126.574 ; gain = 0.000
INFO: [Common 17-1381] The checkpoint 'C:/Users/haris/xilinx_vivado_projects/AES-NITT/AES-NITT.runs/synth_1/AES.dcp' has been generated.
INFO: [Vivado 12-24828] Executing command : report_utilization -file AES_utilization_synth.rpt -pb AES_utilization_synth.pb
INFO: [Common 17-206] Exiting Vivado at Thu Jun 19 13:36:52 2025...
